0 info it worked if it ends with ok
1 verbose cli [ '/home/andrew/.nvm/versions/node/v6.10.3/bin/node',
1 verbose cli   '/home/andrew/.nvm/versions/node/v6.10.3/bin/npm',
1 verbose cli   'run',
1 verbose cli   'build-css' ]
2 info using npm@3.10.10
3 info using node@v6.10.3
4 verbose run-script [ 'prebuild-css', 'build-css', 'postbuild-css' ]
5 info lifecycle f1@1.0.0~prebuild-css: f1@1.0.0
6 silly lifecycle f1@1.0.0~prebuild-css: no script for prebuild-css, continuing
7 info lifecycle f1@1.0.0~build-css: f1@1.0.0
8 verbose lifecycle f1@1.0.0~build-css: unsafe-perm in lifecycle true
9 verbose lifecycle f1@1.0.0~build-css: PATH: /home/andrew/.nvm/versions/node/v6.10.3/lib/node_modules/npm/bin/node-gyp-bin:/home/andrew/workspace/F1ian/node_modules/.bin:/home/andrew/workspace/F1ian/node_modules/.bin:/home/andrew/.nvm/versions/node/v6.10.3/lib/node_modules/npm/bin/node-gyp-bin:/home/andrew/workspace/F1ian/node_modules/.bin:/home/andrew/.nvm/versions/node/v6.10.3/lib/node_modules/npm/bin/node-gyp-bin:/home/andrew/workspace/F1ian/node_modules/.bin:/home/andrew/.nvm/versions/node/v6.10.3/bin:/home/andrew/.rbenv/plugins/ruby-build/bin:/home/andrew/.rbenv/shims:/home/andrew/.rbenv/bin:/home/andrew/bin:/home/andrew/.local/bin:/usr/local/sbin:/usr/local/bin:/usr/sbin:/usr/bin:/sbin:/bin:/usr/games:/usr/local/games:/snap/bin
10 verbose lifecycle f1@1.0.0~build-css: CWD: /home/andrew/workspace/F1ian
11 silly lifecycle f1@1.0.0~build-css: Args: [ '-c', 'node-sass -o public/css public/css' ]
12 silly lifecycle f1@1.0.0~build-css: Returned: code: 1  signal: null
13 info lifecycle f1@1.0.0~build-css: Failed to exec build-css script
14 verbose stack Error: f1@1.0.0 build-css: `node-sass -o public/css public/css`
14 verbose stack Exit status 1
14 verbose stack     at EventEmitter.<anonymous> (/home/andrew/.nvm/versions/node/v6.10.3/lib/node_modules/npm/lib/utils/lifecycle.js:255:16)
14 verbose stack     at emitTwo (events.js:106:13)
14 verbose stack     at EventEmitter.emit (events.js:191:7)
14 verbose stack     at ChildProcess.<anonymous> (/home/andrew/.nvm/versions/node/v6.10.3/lib/node_modules/npm/lib/utils/spawn.js:40:14)
14 verbose stack     at emitTwo (events.js:106:13)
14 verbose stack     at ChildProcess.emit (events.js:191:7)
14 verbose stack     at maybeClose (internal/child_process.js:886:16)
14 verbose stack     at Process.ChildProcess._handle.onexit (internal/child_process.js:226:5)
15 verbose pkgid f1@1.0.0
16 verbose cwd /home/andrew/workspace/F1ian
17 error Linux 4.13.0-36-generic
18 error argv "/home/andrew/.nvm/versions/node/v6.10.3/bin/node" "/home/andrew/.nvm/versions/node/v6.10.3/bin/npm" "run" "build-css"
19 error node v6.10.3
20 error npm  v3.10.10
21 error code ELIFECYCLE
22 error f1@1.0.0 build-css: `node-sass -o public/css public/css`
22 error Exit status 1
23 error Failed at the f1@1.0.0 build-css script 'node-sass -o public/css public/css'.
23 error Make sure you have the latest version of node.js and npm installed.
23 error If you do, this is most likely a problem with the f1 package,
23 error not with npm itself.
23 error Tell the author that this fails on your system:
23 error     node-sass -o public/css public/css
23 error You can get information on how to open an issue for this project with:
23 error     npm bugs f1
23 error Or if that isn't available, you can get their info via:
23 error     npm owner ls f1
23 error There is likely additional logging output above.
24 verbose exit [ 1, true ]
